2019-01-27 17:06:11 - INFO - Script Start
2019-01-27 17:06:11 - INFO - Getting new list of posts
2019-01-27 17:06:11 - INFO - Getting posts from sub: lakeporn
2019-01-27 17:06:11 - INFO - Getting posts from sub: skyporn
2019-01-27 17:06:11 - INFO - Getting posts from sub: earthporn
2019-01-27 17:06:11 - INFO - Getting posts from sub: ruralporn
2019-01-27 17:06:11 - INFO - Getting posts from sub: spaceporn
2019-01-27 17:06:15 - INFO - Finished in 3.71 seconds
2019-01-27 17:06:15 - INFO - Getting new list of posts
2019-01-27 17:06:15 - INFO - Getting posts from sub: showerthoughts
2019-01-27 17:06:18 - INFO - Finished in 3.25 seconds
2019-01-27 17:09:55 - INFO - Script Start
2019-01-27 17:09:55 - INFO - Getting new list of posts
2019-01-27 17:09:55 - INFO - Getting posts from sub: skyporn
2019-01-27 17:09:55 - INFO - Getting posts from sub: earthporn
2019-01-27 17:09:55 - INFO - Getting posts from sub: lakeporn
2019-01-27 17:09:55 - INFO - Getting posts from sub: ruralporn
2019-01-27 17:09:55 - INFO - Getting posts from sub: spaceporn
2019-01-27 22:21:52 - INFO - Script Start
2019-01-27 22:21:52 - INFO - Getting new list of posts
2019-01-27 22:21:52 - INFO - Getting posts from sub: earthporn
2019-01-27 22:21:52 - INFO - Getting posts from sub: skyporn
2019-01-27 22:21:52 - INFO - Getting posts from sub: lakeporn
2019-01-27 22:21:52 - INFO - Getting posts from sub: ruralporn
2019-01-27 22:21:52 - INFO - Getting posts from sub: spaceporn
2019-01-27 22:21:56 - INFO - Finished in 4.04 seconds
2019-01-27 22:21:56 - INFO - Getting new list of posts
2019-01-27 22:21:56 - INFO - Getting posts from sub: showerthoughts
2019-01-27 22:21:59 - INFO - Finished in 3.07 seconds
2019-01-27 22:40:37 - INFO - Script Start
2019-01-27 22:40:37 - INFO - Getting new list of posts
2019-01-27 22:40:37 - INFO - Getting posts from sub: skyporn
2019-01-27 22:40:37 - INFO - Getting posts from sub: earthporn
2019-01-27 22:40:37 - INFO - Getting posts from sub: lakeporn
2019-01-27 22:40:37 - INFO - Getting posts from sub: ruralporn
2019-01-27 22:40:37 - INFO - Getting posts from sub: spaceporn
2019-01-27 22:40:41 - INFO - Finished in 3.90 seconds
2019-01-27 22:40:41 - INFO - Getting new list of posts
2019-01-27 22:40:41 - INFO - Getting posts from sub: showerthoughts
2019-01-27 22:40:44 - INFO - Finished in 3.16 seconds
2019-01-27 22:45:11 - INFO - Script Start
2019-01-27 22:45:11 - INFO - Getting new list of posts
2019-01-27 22:45:11 - INFO - Getting posts from sub: skyporn
2019-01-27 22:45:11 - INFO - Getting posts from sub: lakeporn
2019-01-27 22:45:11 - INFO - Getting posts from sub: earthporn
2019-01-27 22:45:11 - INFO - Getting posts from sub: ruralporn
2019-01-27 22:45:11 - INFO - Getting posts from sub: spaceporn
2019-01-27 22:45:15 - INFO - Finished in 3.85 seconds
2019-01-27 22:45:15 - INFO - Getting new list of posts
2019-01-27 22:45:15 - INFO - Getting posts from sub: showerthoughts
2019-01-27 22:45:18 - INFO - Finished in 3.16 seconds
2019-01-27 22:57:03 - INFO - Script Start
2019-01-27 22:57:03 - INFO - Getting new list of posts
2019-01-27 22:57:03 - INFO - Getting posts from sub: earthporn
2019-01-27 22:57:03 - INFO - Getting posts from sub: skyporn
2019-01-27 22:57:03 - INFO - Getting posts from sub: lakeporn
2019-01-27 22:57:03 - INFO - Getting posts from sub: ruralporn
2019-01-27 22:57:03 - INFO - Getting posts from sub: spaceporn
2019-01-27 22:57:07 - INFO - Finished in 3.90 seconds
2019-01-27 22:57:07 - INFO - Getting new list of posts
2019-01-27 22:57:07 - INFO - Getting posts from sub: showerthoughts
2019-01-27 22:57:10 - INFO - Finished in 3.47 seconds
2019-01-27 22:59:46 - INFO - Script Start
2019-01-27 22:59:46 - INFO - Getting new list of posts
2019-01-27 22:59:46 - INFO - Getting posts from sub: earthporn
2019-01-27 22:59:46 - INFO - Getting posts from sub: skyporn
2019-01-27 22:59:46 - INFO - Getting posts from sub: lakeporn
2019-01-27 22:59:46 - INFO - Getting posts from sub: ruralporn
2019-01-27 22:59:46 - INFO - Getting posts from sub: spaceporn
2019-01-27 22:59:50 - INFO - Finished in 4.02 seconds
2019-01-27 22:59:50 - INFO - Getting new list of posts
2019-01-27 22:59:50 - INFO - Getting posts from sub: showerthoughts
2019-01-27 22:59:53 - INFO - Finished in 3.12 seconds
2019-01-27 23:09:23 - INFO - Script Start
2019-01-27 23:09:23 - INFO - Getting new list of posts
2019-01-27 23:09:23 - INFO - Getting posts from sub: earthporn
2019-01-27 23:09:23 - INFO - Getting posts from sub: skyporn
2019-01-27 23:09:23 - INFO - Getting posts from sub: lakeporn
2019-01-27 23:09:23 - INFO - Getting posts from sub: ruralporn
2019-01-27 23:09:23 - INFO - Getting posts from sub: spaceporn
2019-01-27 23:09:27 - INFO - Finished in 3.88 seconds
2019-01-27 23:09:27 - INFO - Getting new list of posts
2019-01-27 23:09:27 - INFO - Getting posts from sub: showerthoughts
2019-01-27 23:09:30 - INFO - Finished in 3.19 seconds
2019-01-27 23:17:17 - INFO - Script Start
2019-01-27 23:17:17 - INFO - Getting new list of posts
2019-01-27 23:17:17 - INFO - Getting posts from sub: skyporn
2019-01-27 23:17:17 - INFO - Getting posts from sub: earthporn
2019-01-27 23:17:17 - INFO - Getting posts from sub: lakeporn
2019-01-27 23:17:17 - INFO - Getting posts from sub: ruralporn
2019-01-27 23:17:17 - INFO - Getting posts from sub: spaceporn
2019-01-27 23:17:22 - INFO - Finished in 5.06 seconds
2019-01-27 23:17:22 - INFO - Getting new list of posts
2019-01-27 23:17:22 - INFO - Getting posts from sub: showerthoughts
2019-01-27 23:17:25 - INFO - Finished in 3.33 seconds
2019-01-27 23:32:25 - INFO - Script Start
2019-01-27 23:32:25 - INFO - Getting new list of posts
2019-01-27 23:32:25 - INFO - Getting posts from sub: earthporn
2019-01-27 23:32:25 - INFO - Getting posts from sub: skyporn
2019-01-27 23:32:25 - INFO - Getting posts from sub: lakeporn
2019-01-27 23:32:25 - INFO - Getting posts from sub: ruralporn
2019-01-27 23:32:25 - INFO - Getting posts from sub: spaceporn
2019-01-27 23:32:29 - INFO - Finished in 3.89 seconds
2019-01-27 23:32:29 - INFO - Getting new list of posts
2019-01-27 23:32:29 - INFO - Getting posts from sub: showerthoughts
2019-01-27 23:32:32 - INFO - Finished in 3.32 seconds
